[2020-04-29-16:00:27]:(Info):用户断开连接:1
[2020-04-29-16:00:33]:(Info):用户连接:                                                               2
[2020-04-29-16:00:33]:(Info):用户消息:socketID:                                                               2, msgID:100,size:88
[2020-04-29-16:10:57]:(Info):初始化服务器
[2020-04-29-16:10:57]:(Info):开始监听端口:8100
[2020-04-29-16:11:06]:(Info):用户连接:                                                               1
[2020-04-29-16:11:06]:(Info):用户消息:socketID:                                                               1, msgID:100,size:88
[2020-04-29-16:12:35]:(Info):初始化服务器
[2020-04-29-16:12:35]:(Info):开始监听端口:8100
[2020-04-29-16:12:43]:(Info):用户连接:                                                               1
[2020-04-29-16:12:43]:(Info):用户消息:socketID:                                                               1, msgID:100,size:88
[2020-04-29-16:12:55]:(Info):初始化服务器
[2020-04-29-16:12:55]:(Info):开始监听端口:8100
[2020-04-29-16:13:04]:(Info):用户连接:                                                               1
[2020-04-29-16:13:04]:(Info):用户消息:socketID:                                                               1, msgID:100,size:88
[2020-04-29-16:15:47]:(Info):初始化服务器
[2020-04-29-16:15:47]:(Info):开始监听端口:8100
[2020-04-29-16:15:54]:(Info):用户连接:                                                               1
[2020-04-29-16:15:54]:(Info):用户消息:socketID:                                                               1, msgID:100,size:88
[2020-04-29-16:16:09]:(Info):初始化服务器
[2020-04-29-16:16:09]:(Info):开始监听端口:8100
[2020-04-29-16:16:16]:(Info):用户连接:                                                               1
[2020-04-29-16:16:16]:(Info):用户消息:socketID:                                                               1, msgID:100,size:88
[2020-04-29-16:16:37]:(Info):初始化服务器
[2020-04-29-16:16:37]:(Info):开始监听端口:8100
[2020-04-29-16:16:43]:(Info):用户连接:                                                               1
[2020-04-29-16:16:43]:(Info):用户消息:socketID:                                                               1, msgID:100,size:88
[2020-04-29-16:16:52]:(Info):初始化服务器
[2020-04-29-16:16:52]:(Info):开始监听端口:8100
[2020-04-29-16:17:20]:(Info):用户连接:                                                               1
[2020-04-29-16:17:20]:(Info):用户消息:socketID:                                                               1, msgID:100,size:88
[2020-04-29-16:17:29]:(Info):用户断开连接:1
[2020-04-29-16:17:32]:(Info):用户连接:                                                               2
[2020-04-29-16:17:32]:(Info):用户消息:socketID:                                                               2, msgID:100,size:88
[2020-04-29-16:17:32]:(Error):数据库 登录错误 Commands out of sync; you can't run this command now
[2020-04-29-16:20:05]:(Info):用户断开连接:2
[2020-04-29-16:20:34]:(Info):初始化服务器
[2020-04-29-16:20:34]:(Info):开始监听端口:8100
[2020-04-29-16:20:40]:(Info):用户连接:                                                               1
[2020-04-29-16:20:40]:(Info):用户消息:socketID:                                                               1, msgID:100,size:88
[2020-04-29-16:20:46]:(Info):用户断开连接:1
[2020-04-29-16:20:49]:(Info):用户连接:                                                               2
[2020-04-29-16:20:49]:(Info):用户消息:socketID:                                                               2, msgID:100,size:88
[2020-04-29-16:20:49]:(Error):数据库 登录错误 Commands out of sync; you can't run this command now
[2020-04-29-16:21:17]:(Info):初始化服务器
[2020-04-29-16:21:17]:(Info):开始监听端口:8100
[2020-04-29-16:21:25]:(Info):用户连接:                                                               1
[2020-04-29-16:21:25]:(Info):用户消息:socketID:                                                               1, msgID:100,size:88
[2020-04-29-16:21:31]:(Info):用户断开连接:1
[2020-04-29-16:21:35]:(Info):用户连接:                                                               2
[2020-04-29-16:21:35]:(Info):用户消息:socketID:                                                               2, msgID:100,size:88
[2020-04-29-16:21:35]:(Error):数据库 登录错误 Commands out of sync; you can't run this command now
[2020-04-29-16:24:07]:(Info):用户断开连接:2
[2020-04-29-16:24:15]:(Info):用户连接:                                                               3
[2020-04-29-16:24:19]:(Info):用户断开连接:3
[2020-04-29-16:25:18]:(Info):用户连接:                                                               4
[2020-04-29-16:25:18]:(Info):用户消息:socketID:                                                               4, msgID:100,size:88
[2020-04-29-16:25:18]:(Error):数据库 登录错误 Commands out of sync; you can't run this command now
[2020-04-29-16:25:24]:(Info):用户断开连接:4
[2020-04-29-16:26:10]:(Info):用户连接:                                                               5
[2020-04-29-16:26:10]:(Info):用户消息:socketID:                                                               5, msgID:100,size:88
[2020-04-29-16:26:10]:(Error):数据库 登录错误 Commands out of sync; you can't run this command now
[2020-04-29-16:26:16]:(Info):用户断开连接:5
[2020-04-29-16:27:16]:(Info):用户连接:                                                               6
[2020-04-29-16:27:16]:(Info):用户消息:socketID:                                                               6, msgID:100,size:88
[2020-04-29-16:27:16]:(Error):数据库 登录错误 Commands out of sync; you can't run this command now
[2020-04-29-16:27:22]:(Info):用户断开连接:6
[2020-04-29-16:30:42]:(Info):初始化服务器
[2020-04-29-16:30:42]:(Info):开始监听端口:8100
[2020-04-29-16:30:50]:(Info):用户连接:                                                               1
[2020-04-29-16:30:50]:(Info):用户消息:socketID:                                                               1, msgID:100,size:88
[2020-04-29-16:31:12]:(Info):用户断开连接:1
[2020-04-29-16:31:15]:(Info):用户连接:                                                               2
[2020-04-29-16:31:15]:(Info):用户消息:socketID:                                                               2, msgID:100,size:88
[2020-04-29-16:31:15]:(Error):数据库 登录错误 Commands out of sync; you can't run this command now
[2020-04-29-16:31:43]:(Info):用户断开连接:2
[2020-04-29-16:31:46]:(Info):用户连接:                                                               3
[2020-04-29-16:31:46]:(Info):用户消息:socketID:                                                               3, msgID:100,size:88
[2020-04-29-16:31:46]:(Error):数据库 登录错误 Commands out of sync; you can't run this command now
[2020-04-29-16:33:03]:(Info):初始化服务器
[2020-04-29-16:33:03]:(Info):开始监听端口:8100
[2020-04-29-16:33:16]:(Info):初始化服务器
[2020-04-29-16:33:16]:(Info):开始监听端口:8100
[2020-04-29-16:33:27]:(Info):用户连接:                                                               1
[2020-04-29-16:33:27]:(Info):用户消息:socketID:                                                               1, msgID:100,size:88
[2020-04-29-16:34:42]:(Info):初始化服务器
[2020-04-29-16:34:42]:(Info):开始监听端口:8100
[2020-04-29-16:34:50]:(Info):用户连接:                                                               1
[2020-04-29-16:34:50]:(Info):用户消息:socketID:                                                               1, msgID:100,size:88
[2020-04-29-16:45:09]:(Info):初始化服务器
[2020-04-29-16:45:09]:(Info):开始监听端口:8100
[2020-04-29-16:46:14]:(Info):初始化服务器
[2020-04-29-16:46:14]:(Info):开始监听端口:8100
[2020-04-29-16:46:30]:(Info):用户连接:                                                               1
[2020-04-29-16:46:30]:(Info):用户消息:socketID:                                                               1, msgID:100,size:88
[2020-04-29-16:49:07]:(Info):初始化服务器
[2020-04-29-16:49:07]:(Info):开始监听端口:8100
[2020-04-29-16:49:15]:(Info):用户连接:                                                               1
[2020-04-29-16:49:15]:(Info):用户消息:socketID:                                                               1, msgID:100,size:88
[2020-04-29-16:57:32]:(Info):初始化服务器
[2020-04-29-16:57:32]:(Info):开始监听端口:8100
[2020-04-29-16:57:54]:(Info):用户连接:                                                           65537
[2020-04-29-16:57:54]:(Info):用户消息:socketID:                                                           65537, msgID:100,size:88
[2020-04-29-16:59:13]:(Info):初始化服务器
[2020-04-29-16:59:13]:(Info):开始监听端口:8100
[2020-04-29-16:59:31]:(Info):用户连接:                                                           65537
[2020-04-29-16:59:31]:(Info):用户消息:socketID:                                                           65537, msgID:100,size:88
