[2020-04-30-09:24:01]:(Info):初始化服务器
[2020-04-30-09:24:01]:(Info):开始监听端口:8100
[2020-04-30-09:24:09]:(Info):用户连接:                                                           65537
[2020-04-30-09:24:09]:(Info):用户消息:socketID:                                                           65537, msgID:100,size:88
[2020-04-30-09:24:11]:(Info):用户断开连接:65537
[2020-04-30-09:24:14]:(Info):用户连接:                                                           65538
[2020-04-30-09:24:14]:(Info):用户消息:socketID:                                                           65538, msgID:100,size:88
[2020-04-30-09:24:23]:(Info):用户断开连接:65538
[2020-04-30-09:24:26]:(Info):用户连接:                                                           65539
[2020-04-30-09:24:26]:(Info):用户消息:socketID:                                                           65539, msgID:100,size:88
[2020-04-30-09:24:28]:(Info):用户断开连接:65539
[2020-04-30-09:24:30]:(Info):用户连接:                                                           65540
[2020-04-30-09:24:30]:(Info):用户消息:socketID:                                                           65540, msgID:100,size:88
[2020-04-30-09:24:32]:(Info):用户断开连接:65540
[2020-04-30-09:24:35]:(Info):用户连接:                                                           65541
[2020-04-30-09:24:35]:(Info):用户消息:socketID:                                                           65541, msgID:100,size:88
[2020-04-30-09:25:01]:(Info):用户断开连接:65541
[2020-04-30-09:25:17]:(Info):用户连接:                                                           65542
[2020-04-30-09:25:17]:(Info):用户消息:socketID:                                                           65542, msgID:100,size:88
[2020-04-30-09:25:23]:(Info):用户断开连接:65542
[2020-04-30-09:25:46]:(Info):用户连接:                                                           65543
[2020-04-30-09:25:46]:(Info):用户消息:socketID:                                                           65543, msgID:100,size:88
[2020-04-30-09:25:51]:(Info):用户断开连接:65543
[2020-04-30-09:26:06]:(Info):用户连接:                                                           65544
[2020-04-30-09:26:06]:(Info):用户消息:socketID:                                                           65544, msgID:100,size:88
[2020-04-30-09:27:33]:(Info):用户断开连接:65544
[2020-04-30-09:27:36]:(Info):用户连接:                                                           65545
[2020-04-30-09:27:36]:(Info):用户消息:socketID:                                                           65545, msgID:100,size:88
[2020-04-30-09:27:50]:(Info):用户断开连接:65545
[2020-04-30-09:28:03]:(Info):初始化服务器
[2020-04-30-09:28:03]:(Info):开始监听端口:8100
[2020-04-30-09:28:10]:(Info):用户连接:                                                           65537
[2020-04-30-09:28:10]:(Info):用户消息:socketID:                                                           65537, msgID:100,size:88
[2020-04-30-09:28:27]:(Info):用户断开连接:65537
[2020-04-30-09:28:30]:(Info):用户连接:                                                           65538
[2020-04-30-09:28:30]:(Info):用户消息:socketID:                                                           65538, msgID:100,size:88
[2020-04-30-09:28:34]:(Info):用户断开连接:65538
[2020-04-30-09:28:37]:(Info):用户连接:                                                           65539
[2020-04-30-09:28:37]:(Info):用户消息:socketID:                                                           65539, msgID:100,size:88
[2020-04-30-09:28:41]:(Info):用户断开连接:65539
[2020-04-30-09:28:44]:(Info):用户连接:                                                           65540
[2020-04-30-09:28:44]:(Info):用户消息:socketID:                                                           65540, msgID:100,size:88
[2020-04-30-09:28:51]:(Info):用户断开连接:65540
[2020-04-30-09:28:54]:(Info):用户连接:                                                           65541
[2020-04-30-09:28:54]:(Info):用户消息:socketID:                                                           65541, msgID:100,size:88
[2020-04-30-09:28:59]:(Info):用户断开连接:65541
[2020-04-30-09:30:27]:(Info):初始化服务器
[2020-04-30-09:30:27]:(Info):开始监听端口:8100
[2020-04-30-09:30:34]:(Info):用户连接:                                                           65537
[2020-04-30-09:30:34]:(Info):用户消息:socketID:                                                           65537, msgID:100,size:88
[2020-04-30-09:30:39]:(Info):用户断开连接:65537
[2020-04-30-09:31:09]:(Info):用户连接:                                                           65538
[2020-04-30-09:31:09]:(Info):用户消息:socketID:                                                           65538, msgID:100,size:88
[2020-04-30-09:31:32]:(Info):用户断开连接:65538
[2020-04-30-09:31:48]:(Info):用户连接:                                                           65539
[2020-04-30-09:31:48]:(Info):用户消息:socketID:                                                           65539, msgID:100,size:88
[2020-04-30-09:31:53]:(Info):用户断开连接:65539
[2020-04-30-09:32:15]:(Info):用户连接:                                                           65540
[2020-04-30-09:32:15]:(Info):用户消息:socketID:                                                           65540, msgID:100,size:88
