[2020-05-06-10:24:48]:(Info):初始化服务器
[2020-05-06-10:24:48]:(Info):开始监听端口:8100
[2020-05-06-10:25:08]:(Info):用户连接:                                                           65537
[2020-05-06-10:25:08]:(Info):用户消息:socketID:                                                           65537, msgID:102,size:27
[2020-05-06-10:26:13]:(Info):用户断开连接:65537
[2020-05-06-10:26:30]:(Info):用户连接:                                                           65538
[2020-05-06-10:26:36]:(Info):用户断开连接:65538
[2020-05-06-10:28:29]:(Info):初始化服务器
[2020-05-06-10:28:29]:(Info):开始监听端口:8100
[2020-05-06-10:28:37]:(Info):用户连接:                                                           65537
[2020-05-06-10:28:41]:(Info):用户消息:socketID:                                                           65537, msgID:102,size:27
[2020-05-06-10:29:38]:(Info):用户断开连接:65537
[2020-05-06-10:29:41]:(Info):用户连接:                                                           65538
[2020-05-06-10:29:41]:(Info):用户消息:socketID:                                                           65538, msgID:102,size:27
[2020-05-06-10:31:50]:(Info):初始化服务器
[2020-05-06-10:31:50]:(Info):开始监听端口:8100
[2020-05-06-10:32:07]:(Info):用户连接:                                                           65537
[2020-05-06-10:32:07]:(Info):用户消息:socketID:                                                           65537, msgID:102,size:27
[2020-05-06-10:32:56]:(Info):用户断开连接:65537
[2020-05-06-10:33:12]:(Info):用户连接:                                                           65538
[2020-05-06-10:33:12]:(Info):用户消息:socketID:                                                           65538, msgID:102,size:27
[2020-05-06-10:33:32]:(Info):用户断开连接:65538
[2020-05-06-10:34:53]:(Info):初始化服务器
[2020-05-06-10:34:53]:(Info):开始监听端口:8100
[2020-05-06-10:35:46]:(Info):用户连接:                                                           65537
[2020-05-06-10:35:46]:(Info):用户消息:socketID:                                                           65537, msgID:102,size:27
[2020-05-06-10:36:25]:(Info):用户断开连接:65537
[2020-05-06-10:36:28]:(Info):用户连接:                                                           65538
[2020-05-06-10:36:28]:(Info):用户消息:socketID:                                                           65538, msgID:102,size:27
[2020-05-06-10:37:56]:(Info):初始化服务器
[2020-05-06-10:37:56]:(Info):开始监听端口:8100
[2020-05-06-10:38:25]:(Info):用户连接:                                                           65537
[2020-05-06-10:38:25]:(Info):用户消息:socketID:                                                           65537, msgID:102,size:27
[2020-05-06-10:38:33]:(Info):用户断开连接:65537
