[2020-04-29-15:36:48]:(Info):初始化服务器
[2020-04-29-15:36:48]:(Info):开始监听端口:8100
[2020-04-29-15:38:32]:(Info):用户连接:                                                               1
[2020-04-29-15:38:37]:(Info):用户消息:socketID:                                                               1, msgID:100,size:88
[2020-04-29-15:39:49]:(Info):用户断开连接:1
[2020-04-29-15:39:52]:(Info):用户连接:                                                               2
[2020-04-29-15:39:55]:(Info):用户消息:socketID:                                                               2, msgID:100,size:88
[2020-04-29-15:40:11]:(Error):数据库 登录错误 Commands out of sync; you can't run this command now
[2020-04-29-15:40:23]:(Info):用户断开连接:2
[2020-04-29-15:40:27]:(Info):用户连接:                                                               3
[2020-04-29-15:40:28]:(Info):用户消息:socketID:                                                               3, msgID:100,size:88
[2020-04-29-15:40:39]:(Error):数据库 登录错误 Commands out of sync; you can't run this command now
[2020-04-29-15:41:09]:(Info):用户断开连接:3
[2020-04-29-15:41:28]:(Info):初始化服务器
[2020-04-29-15:41:28]:(Info):开始监听端口:8100
[2020-04-29-15:41:37]:(Info):用户连接:                                                               1
[2020-04-29-15:41:44]:(Info):用户消息:socketID:                                                               1, msgID:100,size:88
[2020-04-29-15:44:56]:(Info):初始化服务器
[2020-04-29-15:44:56]:(Info):开始监听端口:8100
[2020-04-29-15:45:04]:(Info):用户连接:                                                               1
[2020-04-29-15:45:11]:(Info):用户消息:socketID:                                                               1, msgID:100,size:88
[2020-04-29-15:45:35]:(Info):用户断开连接:1
[2020-04-29-15:45:38]:(Info):用户连接:                                                               2
[2020-04-29-15:45:38]:(Info):用户消息:socketID:                                                               2, msgID:100,size:88
[2020-04-29-15:45:38]:(Error):数据库 登录错误 Commands out of sync; you can't run this command now
[2020-04-29-15:46:36]:(Info):用户断开连接:2
[2020-04-29-15:46:44]:(Info):初始化服务器
[2020-04-29-15:46:44]:(Info):开始监听端口:8100
[2020-04-29-15:47:06]:(Info):初始化服务器
[2020-04-29-15:47:06]:(Info):开始监听端口:8100
[2020-04-29-15:47:23]:(Info):用户连接:                                                               1
[2020-04-29-15:47:23]:(Info):用户消息:socketID:                                                               1, msgID:100,size:88
[2020-04-29-15:47:45]:(Info):用户断开连接:1
[2020-04-29-15:47:48]:(Info):用户连接:                                                               2
[2020-04-29-15:47:48]:(Info):用户消息:socketID:                                                               2, msgID:100,size:88
[2020-04-29-15:47:48]:(Error):数据库 登录错误 Commands out of sync; you can't run this command now
[2020-04-29-15:48:59]:(Info):用户断开连接:2
[2020-04-29-15:49:50]:(Info):用户连接:                                                               3
[2020-04-29-15:49:50]:(Info):用户消息:socketID:                                                               3, msgID:100,size:88
[2020-04-29-15:49:50]:(Error):数据库 登录错误 Commands out of sync; you can't run this command now
[2020-04-29-15:49:58]:(Info):用户断开连接:3
[2020-04-29-15:50:52]:(Info):用户连接:                                                               4
[2020-04-29-15:50:52]:(Info):用户消息:socketID:                                                               4, msgID:100,size:88
[2020-04-29-15:50:52]:(Error):数据库 登录错误 Commands out of sync; you can't run this command now
[2020-04-29-15:50:56]:(Info):用户断开连接:4
[2020-04-29-15:52:44]:(Info):初始化服务器
[2020-04-29-15:52:44]:(Info):开始监听端口:8100
[2020-04-29-15:53:25]:(Info):初始化服务器
[2020-04-29-15:53:25]:(Info):开始监听端口:8100
[2020-04-29-15:53:34]:(Info):用户连接:                                                               1
[2020-04-29-15:53:34]:(Info):用户消息:socketID:                                                               1, msgID:100,size:88
[2020-04-29-15:53:39]:(Info):用户断开连接:1
[2020-04-29-15:55:03]:(Info):用户连接:                                                               2
[2020-04-29-15:55:03]:(Info):用户消息:socketID:                                                               2, msgID:100,size:88
[2020-04-29-15:55:03]:(Error):数据库 登录错误 Commands out of sync; you can't run this command now
[2020-04-29-15:57:31]:(Info):用户断开连接:2
[2020-04-29-15:57:31]:(Info):用户连接:                                                               3
[2020-04-29-15:57:31]:(Info):用户消息:socketID:                                                               3, msgID:100,size:88
[2020-04-29-15:57:31]:(Error):数据库 登录错误 Commands out of sync; you can't run this command now
[2020-04-29-15:57:49]:(Info):用户断开连接:3
[2020-04-29-15:57:53]:(Info):用户连接:                                                               4
[2020-04-29-15:57:53]:(Info):用户消息:socketID:                                                               4, msgID:100,size:88
[2020-04-29-15:57:53]:(Error):数据库 登录错误 Commands out of sync; you can't run this command now
[2020-04-29-15:58:19]:(Info):用户断开连接:4
[2020-04-29-15:58:23]:(Info):用户连接:                                                               5
[2020-04-29-15:58:23]:(Info):用户消息:socketID:                                                               5, msgID:100,size:88
[2020-04-29-15:58:24]:(Error):数据库 登录错误 Commands out of sync; you can't run this command now
[2020-04-29-15:58:54]:(Info):用户断开连接:5
[2020-04-29-15:59:00]:(Info):用户连接:                                                               6
[2020-04-29-15:59:00]:(Info):用户消息:socketID:                                                               6, msgID:100,size:88
[2020-04-29-15:59:10]:(Error):数据库 登录错误 Commands out of sync; you can't run this command now
[2020-04-29-15:59:21]:(Info):初始化服务器
[2020-04-29-15:59:21]:(Info):开始监听端口:8100
[2020-04-29-15:59:29]:(Info):用户连接:                                                               1
[2020-04-29-15:59:29]:(Info):用户消息:socketID:                                                               1, msgID:100,size:88
