[2020-04-29-17:03:22]:(Info):数据库断开连接
[2020-04-29-17:03:49]:(Info):连接数据库服务器
[2020-04-29-17:03:49]:(Info):正在监听端口:10000
[2020-04-29-17:03:49]:(Info):连接数据库服务器结果:1
[2020-04-29-17:04:14]:(Info):数据库断开连接
[2020-04-29-17:04:42]:(Info):连接数据库服务器
[2020-04-29-17:04:42]:(Info):正在监听端口:10000
[2020-04-29-17:04:42]:(Info):连接数据库服务器结果:0
[2020-04-29-17:04:57]:(Info):连接数据库服务器
[2020-04-29-17:04:57]:(Info):正在监听端口:10000
[2020-04-29-17:04:57]:(Info):连接数据库服务器结果:1
[2020-04-29-17:05:46]:(Info):数据库断开连接
[2020-04-29-17:06:05]:(Info):连接数据库服务器
[2020-04-29-17:06:05]:(Info):正在监听端口:10000
[2020-04-29-17:06:05]:(Info):连接数据库服务器结果:1
[2020-04-29-17:07:17]:(Info):连接数据库服务器
[2020-04-29-17:07:17]:(Info):正在监听端口:10000
[2020-04-29-17:07:17]:(Info):连接数据库服务器结果:1
[2020-04-29-17:07:26]:(Info):{"code":0,"headUrl":"img/20191014/5da3e061eeb43.png","message":"登录成功","nickname":"qazwsx147-14525","sex":"0","userid":14525}
[2020-04-29-17:07:29]:(Info):数据库断开连接
[2020-04-29-17:07:39]:(Info):连接数据库服务器
[2020-04-29-17:07:39]:(Info):正在监听端口:10000
[2020-04-29-17:07:39]:(Info):连接数据库服务器结果:1
[2020-04-29-17:07:39]:(Info):{"code":100,"message":"数据库错误"}
[2020-04-29-17:07:45]:(Info):连接数据库服务器
[2020-04-29-17:07:45]:(Info):正在监听端口:10000
[2020-04-29-17:07:45]:(Info):连接数据库服务器结果:1
[2020-04-29-17:07:45]:(Info):{"code":100,"message":"数据库错误"}
[2020-04-29-17:08:49]:(Info):连接数据库服务器
[2020-04-29-17:08:49]:(Info):正在监听端口:10000
[2020-04-29-17:08:49]:(Info):连接数据库服务器结果:1
[2020-04-29-17:08:49]:(Info):{"code":100,"message":"数据库错误"}
[2020-04-29-17:08:53]:(Info):连接数据库服务器
[2020-04-29-17:08:53]:(Info):正在监听端口:10000
[2020-04-29-17:08:53]:(Info):连接数据库服务器结果:1
[2020-04-29-17:08:53]:(Info):{"code":100,"message":"数据库错误"}
[2020-04-29-17:09:17]:(Info):连接数据库服务器
[2020-04-29-17:09:17]:(Info):正在监听端口:10000
[2020-04-29-17:09:17]:(Info):连接数据库服务器结果:1
[2020-04-29-17:09:23]:(Info):{"code":100,"message":"数据库错误"}
[2020-04-29-17:09:40]:(Info):数据库断开连接
[2020-04-29-17:09:50]:(Info):连接数据库服务器
[2020-04-29-17:09:50]:(Info):正在监听端口:10000
[2020-04-29-17:09:50]:(Info):连接数据库服务器结果:1
[2020-04-29-17:10:03]:(Info):{"code":0,"headUrl":"img/20191014/5da3e061eeb43.png","message":"登录成功","nickname":"qazwsx147-14525","sex":"0","userid":14525}
[2020-04-29-17:10:12]:(Info):连接数据库服务器
[2020-04-29-17:10:12]:(Info):正在监听端口:10000
[2020-04-29-17:10:12]:(Info):连接数据库服务器结果:1
[2020-04-29-17:10:22]:(Info):{"code":100,"message":"数据库错误"}
[2020-04-29-17:17:21]:(Info):数据库断开连接
[2020-04-29-17:17:54]:(Info):连接数据库服务器
[2020-04-29-17:17:54]:(Info):正在监听端口:10000
[2020-04-29-17:17:54]:(Info):连接数据库服务器结果:1
[2020-04-29-17:17:54]:(Info):{"code":0,"headUrl":"img/20191014/5da3e061eeb43.png","message":"登录成功","nickname":"qazwsx147-14525","sex":"0","userid":14525}
[2020-04-29-17:18:04]:(Info):连接数据库服务器
[2020-04-29-17:18:04]:(Info):正在监听端口:10000
[2020-04-29-17:18:04]:(Info):连接数据库服务器结果:1
[2020-04-29-17:18:04]:(Info):{"code":100,"message":"数据库错误"}
[2020-04-29-17:18:08]:(Info):连接数据库服务器
[2020-04-29-17:18:08]:(Info):正在监听端口:10000
[2020-04-29-17:18:08]:(Info):连接数据库服务器结果:1
[2020-04-29-17:18:08]:(Info):{"code":100,"message":"数据库错误"}
[2020-04-29-17:18:13]:(Info):连接数据库服务器
[2020-04-29-17:18:13]:(Info):正在监听端口:10000
[2020-04-29-17:18:13]:(Info):连接数据库服务器结果:1
[2020-04-29-17:18:13]:(Info):{"code":100,"message":"数据库错误"}
[2020-04-29-17:18:18]:(Info):连接数据库服务器
[2020-04-29-17:18:18]:(Info):正在监听端口:10000
[2020-04-29-17:18:18]:(Info):连接数据库服务器结果:1
[2020-04-29-17:18:18]:(Info):{"code":100,"message":"数据库错误"}
[2020-04-29-17:18:25]:(Info):连接数据库服务器
[2020-04-29-17:18:25]:(Info):正在监听端口:10000
[2020-04-29-17:18:25]:(Info):连接数据库服务器结果:1
[2020-04-29-17:18:35]:(Info):{"code":100,"message":"数据库错误"}
[2020-04-29-17:18:58]:(Info):连接数据库服务器
[2020-04-29-17:18:58]:(Info):正在监听端口:10000
[2020-04-29-17:18:58]:(Info):连接数据库服务器结果:1
[2020-04-29-17:19:05]:(Info):{"code":100,"message":"数据库错误"}
[2020-04-29-17:19:12]:(Info):连接数据库服务器
[2020-04-29-17:19:12]:(Info):正在监听端口:10000
[2020-04-29-17:19:12]:(Info):连接数据库服务器结果:1
[2020-04-29-17:19:14]:(Info):{"code":100,"message":"数据库错误"}
[2020-04-29-17:19:20]:(Info):连接数据库服务器
[2020-04-29-17:19:20]:(Info):正在监听端口:10000
[2020-04-29-17:19:20]:(Info):连接数据库服务器结果:1
[2020-04-29-17:19:28]:(Info):数据库断开连接
[2020-04-29-17:19:38]:(Info):连接数据库服务器
[2020-04-29-17:19:38]:(Info):正在监听端口:10000
[2020-04-29-17:19:38]:(Info):连接数据库服务器结果:1
[2020-04-29-17:19:42]:(Info):{"code":0,"headUrl":"img/20191014/5da3e061eeb43.png","message":"登录成功","nickname":"qazwsx147-14525","sex":"0","userid":14525}
[2020-04-29-17:19:48]:(Info):连接数据库服务器
[2020-04-29-17:19:48]:(Info):正在监听端口:10000
[2020-04-29-17:19:48]:(Info):连接数据库服务器结果:1
[2020-04-29-17:19:51]:(Info):{"code":100,"message":"数据库错误"}
[2020-04-29-17:26:13]:(Info):连接数据库服务器
[2020-04-29-17:26:13]:(Info):正在监听端口:10000
[2020-04-29-17:26:13]:(Info):连接数据库服务器结果:1
[2020-04-29-17:26:52]:(Info):数据库断开连接
[2020-04-29-17:34:18]:(Info):连接数据库服务器
[2020-04-29-17:34:18]:(Info):正在监听端口:10000
[2020-04-29-17:34:18]:(Info):连接数据库服务器结果:1
[2020-04-29-17:35:12]:(Info):数据库断开连接
[2020-04-29-17:36:09]:(Info):连接数据库服务器
[2020-04-29-17:36:09]:(Info):正在监听端口:10000
[2020-04-29-17:36:09]:(Info):连接数据库服务器结果:1
[2020-04-29-17:36:41]:(Info):数据库断开连接
[2020-04-29-17:37:10]:(Info):连接数据库服务器
[2020-04-29-17:37:10]:(Info):正在监听端口:10000
[2020-04-29-17:37:10]:(Info):连接数据库服务器结果:1
[2020-04-29-17:37:10]:(Info):{"code":0,"headUrl":"img/20191014/5da3e061eeb43.png","message":"登录成功","nickname":"qazwsx147-14525","sex":"0","userid":14525}
[2020-04-29-17:37:20]:(Info):连接数据库服务器
[2020-04-29-17:37:20]:(Info):正在监听端口:10000
[2020-04-29-17:37:20]:(Info):连接数据库服务器结果:1
[2020-04-29-17:37:20]:(Info):{"code":100,"message":"数据库错误"}
[2020-04-29-17:45:54]:(Info):数据库断开连接
[2020-04-29-17:46:32]:(Info):连接数据库服务器
[2020-04-29-17:46:32]:(Info):正在监听端口:10000
[2020-04-29-17:46:32]:(Info):连接数据库服务器结果:1
[2020-04-29-17:46:32]:(Info):{"code":100,"message":"数据库错误"}
[2020-04-29-17:46:49]:(Info):连接数据库服务器
[2020-04-29-17:46:49]:(Info):正在监听端口:10000
[2020-04-29-17:46:49]:(Info):连接数据库服务器结果:1
[2020-04-29-17:46:49]:(Info):{"code":100,"message":"数据库错误"}
[2020-04-29-17:48:12]:(Info):连接数据库服务器
[2020-04-29-17:48:12]:(Info):正在监听端口:10000
[2020-04-29-17:48:12]:(Info):连接数据库服务器结果:1
[2020-04-29-17:48:12]:(Info):{"code":100,"message":"数据库错误"}
[2020-04-29-17:48:26]:(Info):连接数据库服务器
[2020-04-29-17:48:26]:(Info):正在监听端口:10000
[2020-04-29-17:48:26]:(Info):连接数据库服务器结果:1
[2020-04-29-17:48:26]:(Info):{"code":100,"message":"数据库错误"}
[2020-04-29-17:49:48]:(Info):连接数据库服务器
[2020-04-29-17:49:48]:(Info):正在监听端口:10000
[2020-04-29-17:49:48]:(Info):连接数据库服务器结果:1
[2020-04-29-17:49:48]:(Info):{"token":"1AB55609-C2B8-48BC-6886-108CA9D06B70","userid":14525}
[2020-04-29-17:50:39]:(Info):连接数据库服务器
[2020-04-29-17:50:39]:(Info):正在监听端口:10000
[2020-04-29-17:50:39]:(Info):连接数据库服务器结果:1
[2020-04-29-17:50:39]:(Info):{"token":"1AB55609-C2B8-48BC-6886-108CA9D06B70","userid":14525}
[2020-04-29-17:50:55]:(Info):连接数据库服务器
[2020-04-29-17:50:55]:(Info):正在监听端口:10000
[2020-04-29-17:50:55]:(Info):连接数据库服务器结果:1
[2020-04-29-17:50:55]:(Info):{"token":"1AB55609-C2B8-48BC-6886-108CA9D06B70","userid":14525}
[2020-04-29-17:57:03]:(Info):连接数据库服务器
[2020-04-29-17:57:03]:(Info):正在监听端口:10000
[2020-04-29-17:57:03]:(Info):连接数据库服务器结果:1
[2020-04-29-17:57:03]:(Info):{"code":0,"headUrl":"img/20191014/5da3e061eeb43.png","message":"登录成功","nickname":"qazwsx147-14525","sex":"0","userid":14525}
[2020-04-29-17:57:09]:(Info):连接数据库服务器
[2020-04-29-17:57:09]:(Info):正在监听端口:10000
[2020-04-29-17:57:09]:(Info):连接数据库服务器结果:1
[2020-04-29-17:57:09]:(Info):{"code":100,"message":"数据库错误"}
[2020-04-29-17:57:14]:(Info):连接数据库服务器
[2020-04-29-17:57:14]:(Info):正在监听端口:10000
[2020-04-29-17:57:14]:(Info):连接数据库服务器结果:1
[2020-04-29-17:57:14]:(Info):{"code":100,"message":"数据库错误"}
[2020-04-29-17:59:07]:(Info):数据库断开连接
