[2020-04-30-09:24:09]:(Info):连接数据库服务器
[2020-04-30-09:24:09]:(Info):正在监听端口:10000
[2020-04-30-09:24:09]:(Info):连接数据库服务器结果:1
[2020-04-30-09:24:09]:(Info):{"code":0,"headUrl":"img/20191014/5da3e061eeb43.png","message":"登录成功","nickname":"qazwsx147-14525","sex":"0","userid":14525}
[2020-04-30-09:24:14]:(Info):连接数据库服务器
[2020-04-30-09:24:14]:(Info):正在监听端口:10000
[2020-04-30-09:24:14]:(Info):连接数据库服务器结果:1
[2020-04-30-09:24:14]:(Info):{"code":0,"headUrl":"img/20191014/5da3e061eeb43.png","message":"登录成功","nickname":"qazwsx147-14525","sex":"0","userid":14525}
[2020-04-30-09:24:26]:(Info):连接数据库服务器
[2020-04-30-09:24:26]:(Info):正在监听端口:10000
[2020-04-30-09:24:26]:(Info):连接数据库服务器结果:1
[2020-04-30-09:24:26]:(Info):{"code":0,"headUrl":"img/20191014/5da3e061eeb43.png","message":"登录成功","nickname":"qazwsx147-14525","sex":"0","userid":14525}
[2020-04-30-09:24:30]:(Info):连接数据库服务器
[2020-04-30-09:24:30]:(Info):正在监听端口:10000
[2020-04-30-09:24:30]:(Info):连接数据库服务器结果:1
[2020-04-30-09:24:30]:(Info):{"code":0,"headUrl":"img/20191014/5da3e061eeb43.png","message":"登录成功","nickname":"qazwsx147-14525","sex":"0","userid":14525}
[2020-04-30-09:24:35]:(Info):连接数据库服务器
[2020-04-30-09:24:35]:(Info):正在监听端口:10000
[2020-04-30-09:24:35]:(Info):连接数据库服务器结果:1
[2020-04-30-09:24:35]:(Info):{"code":0,"headUrl":"img/20191014/5da3e061eeb43.png","message":"登录成功","nickname":"qazwsx147-14525","sex":"0","userid":14525}
[2020-04-30-09:25:17]:(Info):连接数据库服务器
[2020-04-30-09:25:17]:(Info):正在监听端口:10000
[2020-04-30-09:25:17]:(Info):连接数据库服务器结果:1
[2020-04-30-09:25:20]:(Info):{"code":0,"headUrl":"img/20191014/5da3e061eeb43.png","message":"登录成功","nickname":"qazwsx147-14525","sex":"0","userid":14525}
[2020-04-30-09:25:31]:(Info):数据库断开连接
[2020-04-30-09:25:46]:(Info):连接数据库服务器
[2020-04-30-09:25:46]:(Info):正在监听端口:10000
[2020-04-30-09:25:46]:(Info):连接数据库服务器结果:1
[2020-04-30-09:25:49]:(Info):{"code":0,"headUrl":"img/20191014/5da3e061eeb43.png","message":"登录成功","nickname":"qazwsx147-14525","sex":"0","userid":14525}
[2020-04-30-09:25:52]:(Info):数据库断开连接
[2020-04-30-09:26:06]:(Info):连接数据库服务器
[2020-04-30-09:26:06]:(Info):正在监听端口:10000
[2020-04-30-09:26:06]:(Info):连接数据库服务器结果:1
[2020-04-30-09:26:08]:(Info):{"code":0,"headUrl":"img/20191014/5da3e061eeb43.png","message":"登录成功","nickname":"qazwsx147-14525","sex":"0","userid":14525}
[2020-04-30-09:27:36]:(Info):连接数据库服务器
[2020-04-30-09:27:36]:(Info):正在监听端口:10000
[2020-04-30-09:27:36]:(Info):连接数据库服务器结果:1
[2020-04-30-09:27:36]:(Info):{"code":0,"headUrl":"img/20191014/5da3e061eeb43.png","message":"登录成功","nickname":"qazwsx147-14525","sex":"0","userid":14525}
[2020-04-30-09:28:10]:(Info):连接数据库服务器
[2020-04-30-09:28:10]:(Info):正在监听端口:10000
[2020-04-30-09:28:10]:(Info):连接数据库服务器结果:1
[2020-04-30-09:28:10]:(Info):{"code":0,"headUrl":"img/20191014/5da3e061eeb43.png","message":"登录成功","nickname":"qazwsx147-14525","sex":"0","userid":14525}
[2020-04-30-09:28:30]:(Info):连接数据库服务器
[2020-04-30-09:28:30]:(Info):正在监听端口:10000
[2020-04-30-09:28:30]:(Info):连接数据库服务器结果:1
[2020-04-30-09:28:30]:(Info):{"code":0,"headUrl":"img/20191014/5da3e061eeb43.png","message":"登录成功","nickname":"qazwsx147-14525","sex":"0","userid":14525}
[2020-04-30-09:28:37]:(Info):连接数据库服务器
[2020-04-30-09:28:37]:(Info):正在监听端口:10000
[2020-04-30-09:28:37]:(Info):连接数据库服务器结果:1
[2020-04-30-09:28:37]:(Info):{"code":0,"headUrl":"img/20191014/5da3e061eeb43.png","message":"登录成功","nickname":"qazwsx147-14525","sex":"0","userid":14525}
[2020-04-30-09:28:44]:(Info):连接数据库服务器
[2020-04-30-09:28:44]:(Info):正在监听端口:10000
[2020-04-30-09:28:44]:(Info):连接数据库服务器结果:1
[2020-04-30-09:28:44]:(Info):{"code":0,"headUrl":"img/20191014/5da3e061eeb43.png","message":"登录成功","nickname":"qazwsx147-14525","sex":"0","userid":14525}
[2020-04-30-09:28:54]:(Info):连接数据库服务器
[2020-04-30-09:28:54]:(Info):正在监听端口:10000
[2020-04-30-09:28:54]:(Info):连接数据库服务器结果:1
[2020-04-30-09:28:54]:(Info):{"code":0,"headUrl":"img/20191014/5da3e061eeb43.png","message":"登录成功","nickname":"qazwsx147-14525","sex":"0","userid":14525}
[2020-04-30-09:29:02]:(Info):数据库断开连接
[2020-04-30-09:30:34]:(Info):连接数据库服务器
[2020-04-30-09:30:34]:(Info):正在监听端口:10000
[2020-04-30-09:30:34]:(Info):连接数据库服务器结果:1
[2020-04-30-09:30:34]:(Info):{"code":0,"headUrl":"img/20191014/5da3e061eeb43.png","message":"登录成功","nickname":"qazwsx147-14525","sex":0,"userid":14525}
[2020-04-30-09:30:45]:(Info):{"code":0,"headUrl":"img/20191014/5da3e061eeb43.png","message":"登录成功","nickname":"qazwsx147-14525","sex":0,"userid":14525}
[2020-04-30-09:31:03]:(Info):数据库断开连接
[2020-04-30-09:31:09]:(Info):连接数据库服务器
[2020-04-30-09:31:09]:(Info):正在监听端口:10000
[2020-04-30-09:31:09]:(Info):连接数据库服务器结果:1
[2020-04-30-09:31:09]:(Info):{"code":0,"headUrl":"img/20191014/5da3e061eeb43.png","message":"登录成功","nickname":"qazwsx147-14525","sex":0,"userid":14525}
[2020-04-30-09:31:09]:(Info):{"code":0,"headUrl":"img/20191014/5da3e061eeb43.png","message":"登录成功","nickname":"qazwsx147-14525","sex":0,"userid":14525}
[2020-04-30-09:31:48]:(Info):连接数据库服务器
[2020-04-30-09:31:48]:(Info):正在监听端口:10000
[2020-04-30-09:31:48]:(Info):连接数据库服务器结果:1
[2020-04-30-09:31:48]:(Info):{"code":0,"headUrl":"img/20191014/5da3e061eeb43.png","message":"登录成功","nickname":"qazwsx147-14525","sex":0,"userid":14525}
[2020-04-30-09:32:04]:(Info):{"code":0,"headUrl":"img/20191014/5da3e061eeb43.png","message":"登录成功","nickname":"qazwsx147-14525","sex":0,"userid":14525}
[2020-04-30-09:32:04]:(Info):数据库断开连接
[2020-04-30-09:32:15]:(Info):连接数据库服务器
[2020-04-30-09:32:15]:(Info):正在监听端口:10000
[2020-04-30-09:32:15]:(Info):连接数据库服务器结果:1
[2020-04-30-09:32:15]:(Info):{"code":0,"headUrl":"img/20191014/5da3e061eeb43.png","message":"登录成功","nickname":"qazwsx147-14525","sex":0,"userid":14525}
[2020-04-30-09:32:15]:(Info):{"code":0,"headUrl":"img/20191014/5da3e061eeb43.png","message":"登录成功","nickname":"qazwsx147-14525","sex":0,"userid":14525}
