[2020-04-29-17:20:23]:(Info):连接数据库服务器
[2020-04-29-17:20:23]:(Info):正在监听端口:10000
[2020-04-29-17:20:23]:(Info):连接数据库服务器结果:1
[2020-04-29-17:20:28]:(Info):{"code":100,"message":"数据库错误"}
[2020-04-29-17:20:31]:(Info):连接数据库服务器
[2020-04-29-17:20:31]:(Info):正在监听端口:10000
[2020-04-29-17:20:31]:(Info):连接数据库服务器结果:1
[2020-04-29-17:20:33]:(Info):{"code":100,"message":"数据库错误"}
[2020-04-29-17:20:37]:(Info):连接数据库服务器
[2020-04-29-17:20:37]:(Info):正在监听端口:10000
[2020-04-29-17:20:37]:(Info):连接数据库服务器结果:1
[2020-04-29-17:20:40]:(Info):{"code":100,"message":"数据库错误"}
[2020-04-29-17:20:43]:(Info):连接数据库服务器
[2020-04-29-17:20:43]:(Info):正在监听端口:10000
[2020-04-29-17:20:43]:(Info):连接数据库服务器结果:1
[2020-04-29-17:20:45]:(Info):{"code":100,"message":"数据库错误"}
[2020-04-29-17:20:47]:(Info):连接数据库服务器
[2020-04-29-17:20:47]:(Info):正在监听端口:10000
[2020-04-29-17:20:47]:(Info):连接数据库服务器结果:1
[2020-04-29-17:20:50]:(Info):{"code":100,"message":"数据库错误"}
[2020-04-29-17:20:52]:(Info):连接数据库服务器
[2020-04-29-17:20:52]:(Info):正在监听端口:10000
[2020-04-29-17:20:52]:(Info):连接数据库服务器结果:1
[2020-04-29-17:20:55]:(Info):{"code":100,"message":"数据库错误"}
[2020-04-29-17:20:57]:(Info):连接数据库服务器
[2020-04-29-17:20:57]:(Info):正在监听端口:10000
[2020-04-29-17:20:57]:(Info):连接数据库服务器结果:1
[2020-04-29-17:21:01]:(Info):{"code":100,"message":"数据库错误"}
[2020-04-29-17:21:04]:(Info):连接数据库服务器
[2020-04-29-17:21:04]:(Info):正在监听端口:10000
[2020-04-29-17:21:04]:(Info):连接数据库服务器结果:1
[2020-04-29-17:21:22]:(Info):连接数据库服务器
[2020-04-29-17:21:22]:(Info):正在监听端口:10000
[2020-04-29-17:21:22]:(Info):连接数据库服务器结果:1
[2020-04-29-17:21:24]:(Info):{"code":100,"message":"数据库错误"}
[2020-04-29-17:21:28]:(Info):连接数据库服务器
[2020-04-29-17:21:28]:(Info):正在监听端口:10000
[2020-04-29-17:21:28]:(Info):连接数据库服务器结果:1
[2020-04-29-17:21:28]:(Info):{"code":100,"message":"数据库错误"}
[2020-04-29-17:21:29]:(Info):连接数据库服务器
[2020-04-29-17:21:29]:(Info):正在监听端口:10000
[2020-04-29-17:21:29]:(Info):连接数据库服务器结果:1
[2020-04-29-17:21:29]:(Info):{"code":100,"message":"数据库错误"}
[2020-04-29-17:21:30]:(Info):连接数据库服务器
[2020-04-29-17:21:30]:(Info):正在监听端口:10000
[2020-04-29-17:21:30]:(Info):连接数据库服务器结果:1
[2020-04-29-17:21:30]:(Info):{"code":100,"message":"数据库错误"}
[2020-04-29-17:21:31]:(Info):连接数据库服务器
[2020-04-29-17:21:31]:(Info):正在监听端口:10000
[2020-04-29-17:21:31]:(Info):连接数据库服务器结果:1
[2020-04-29-17:21:31]:(Info):{"code":100,"message":"数据库错误"}
[2020-04-29-17:21:32]:(Info):连接数据库服务器
[2020-04-29-17:21:32]:(Info):正在监听端口:10000
[2020-04-29-17:21:32]:(Info):连接数据库服务器结果:1
[2020-04-29-17:21:32]:(Info):{"code":100,"message":"数据库错误"}
[2020-04-29-17:21:33]:(Info):连接数据库服务器
[2020-04-29-17:21:33]:(Info):正在监听端口:10000
[2020-04-29-17:21:33]:(Info):连接数据库服务器结果:1
[2020-04-29-17:21:33]:(Info):{"code":100,"message":"数据库错误"}
[2020-04-29-17:21:34]:(Info):连接数据库服务器
[2020-04-29-17:21:34]:(Info):正在监听端口:10000
[2020-04-29-17:21:34]:(Info):连接数据库服务器结果:1
[2020-04-29-17:21:34]:(Info):{"code":100,"message":"数据库错误"}
[2020-04-29-17:21:36]:(Info):连接数据库服务器
[2020-04-29-17:21:36]:(Info):正在监听端口:10000
[2020-04-29-17:21:36]:(Info):连接数据库服务器结果:1
[2020-04-29-17:21:36]:(Info):{"code":100,"message":"数据库错误"}
[2020-04-29-17:21:37]:(Info):连接数据库服务器
[2020-04-29-17:21:37]:(Info):正在监听端口:10000
[2020-04-29-17:21:37]:(Info):连接数据库服务器结果:1
[2020-04-29-17:21:37]:(Info):{"code":100,"message":"数据库错误"}
[2020-04-29-17:21:38]:(Info):连接数据库服务器
[2020-04-29-17:21:38]:(Info):正在监听端口:10000
[2020-04-29-17:21:38]:(Info):连接数据库服务器结果:1
[2020-04-29-17:21:38]:(Info):{"code":100,"message":"数据库错误"}
[2020-04-29-17:21:40]:(Info):连接数据库服务器
[2020-04-29-17:21:40]:(Info):正在监听端口:10000
[2020-04-29-17:21:40]:(Info):连接数据库服务器结果:1
[2020-04-29-17:21:40]:(Info):{"code":100,"message":"数据库错误"}
[2020-04-29-17:21:42]:(Info):连接数据库服务器
[2020-04-29-17:21:42]:(Info):正在监听端口:10000
[2020-04-29-17:21:42]:(Info):连接数据库服务器结果:1
[2020-04-29-17:21:42]:(Info):{"code":100,"message":"数据库错误"}
[2020-04-29-17:21:47]:(Info):连接数据库服务器
[2020-04-29-17:21:47]:(Info):正在监听端口:10000
[2020-04-29-17:21:47]:(Info):连接数据库服务器结果:1
[2020-04-29-17:21:50]:(Info):{"code":100,"message":"数据库错误"}
[2020-04-29-17:21:53]:(Info):连接数据库服务器
[2020-04-29-17:21:53]:(Info):正在监听端口:10000
[2020-04-29-17:21:53]:(Info):连接数据库服务器结果:1
[2020-04-29-17:22:37]:(Info):{"code":100,"message":"数据库错误"}
[2020-04-29-17:22:52]:(Info):数据库断开连接
